d:\code\latex_generator\latex-note-generator\project1\debug\vc142.pdb
d:\code\latex_generator\latex-note-generator\project1\debug\vc142.idb
d:\code\latex_generator\latex-note-generator\project1\debug\latexgenerator.obj
d:\code\latex_generator\latex-note-generator\project1\debug\main.obj
d:\code\latex_generator\latex-note-generator\debug\project1.ilk
d:\code\latex_generator\latex-note-generator\debug\project1.exe
d:\code\latex_generator\latex-note-generator\debug\project1.pdb
d:\code\latex-note-generator\project1\debug\latexgenerator.obj
d:\code\latex-note-generator\project1\debug\main.obj
d:\code\latex-note-generator\project1\debug\vc142.idb
d:\code\latex-note-generator\project1\debug\vc142.pdb
d:\code\latex-note-generator\debug\project1.pdb
d:\code\latex-note-generator\debug\project1.exe
d:\code\latex-note-generator\debug\project1.ilk
d:\code\latex-note-generator\project1\debug\project1.tlog\cl.command.1.tlog
d:\code\latex-note-generator\project1\debug\project1.tlog\cl.read.1.tlog
d:\code\latex-note-generator\project1\debug\project1.tlog\cl.write.1.tlog
d:\code\latex-note-generator\project1\debug\project1.tlog\link.command.1.tlog
d:\code\latex-note-generator\project1\debug\project1.tlog\link.read.1.tlog
d:\code\latex-note-generator\project1\debug\project1.tlog\link.write.1.tlog
